commit 3489b17bc2fbc975db50e2b14e7fceadc504903a
Author: Happyworm <markp@happyworm.com>
Date:   Fri Jun 21 17:02:20 2013 +0100

    Bug Fix: The SWF failed 8+ instances on OSX with Firefox and Safari.

 actionscript/Jplayer.as                         |   16 ++++++++--------
 actionscript/happyworm/jPlayer/JplayerStatus.as |    4 ++--
 actionscript/happyworm/jPlayer/TraceOut.as      |    2 ++
 jplayer.jquery.json                             |    2 +-
 jquery.jplayer/Jplayer.swf                      |  Bin 14085 -> 14076 bytes
 jquery.jplayer/jquery.jplayer.js                |    8 ++++----
 package.json                                    |    2 +-
 7 files changed, 18 insertions(+), 16 deletions(-)

commit 382eeb3aad216559acbfbb02f4840216ac0f14f7
Author: Happyworm <markp@happyworm.com>
Date:   Wed Jun 5 18:43:10 2013 +0100

    Updated version to 2.4.0 and revised license to MIT.

 actionscript/Jplayer.as                          |   11 +++++------
 actionscript/happyworm/jPlayer/ConnectManager.as |    5 ++---
 actionscript/happyworm/jPlayer/JplayerEvent.as   |    5 ++---
 actionscript/happyworm/jPlayer/JplayerMp3.as     |    5 ++---
 actionscript/happyworm/jPlayer/JplayerMp4.as     |    5 ++---
 actionscript/happyworm/jPlayer/JplayerRtmp.as    |    5 ++---
 actionscript/happyworm/jPlayer/JplayerStatus.as  |    9 ++++-----
 actionscript/happyworm/jPlayer/TraceOut.as       |    5 ++---
 add-on/jplayer.playlist.js                       |    5 ++---
 add-on/jquery.jplayer.inspector.js               |    5 ++---
 jplayer.jquery.json                              |    2 +-
 jquery.jplayer/Jplayer.swf                       |  Bin 14084 -> 14085 bytes
 jquery.jplayer/jquery.jplayer.js                 |   13 ++++++-------
 package.json                                     |    8 ++------
 popcorn/player/popcorn.jplayer.js                |   17 ++++++++---------
 15 files changed, 42 insertions(+), 58 deletions(-)

commit 588aa54eb4098ab6114f0703876145c9476cdc28
Author: Happyworm <markp@happyworm.com>
Date:   Mon Jun 3 17:15:34 2013 +0100

    Updated jquery plugin manifest.

 jplayer.jquery.json |    9 ++++++---
 1 files changed, 6 insertions(+), 3 deletions(-)

commit ad6f267afb381b4eb13c9cefa75edc88311246ac
Author: Happyworm <markp@happyworm.com>
Date:   Mon Jun 3 16:30:20 2013 +0100

    Updated Readme

 README.md |    4 ++--
 1 files changed, 2 insertions(+), 2 deletions(-)

commit cebd2a566ecdc6bb953e13c527021d39bede4409
Author: Happyworm <markp@happyworm.com>
Date:   Mon Jun 3 16:24:07 2013 +0100

    Updated Readme

 README.md |   15 ++++++++-------
 1 files changed, 8 insertions(+), 7 deletions(-)

commit e4a66ed01027a6868a69aa73f6d9f8a5328d0508
Author: Happyworm <markp@happyworm.com>
Date:   Mon Jun 3 16:11:33 2013 +0100

    Updated Readme

 README.md |    2 +-
 1 files changed, 1 insertions(+), 1 deletions(-)

commit 3cb48a4e73e2bbc06b84e707255398dcaf18a064
Author: Happyworm <markp@happyworm.com>
Date:   Mon Jun 3 16:08:17 2013 +0100

    Updated Readme

 README.md |   14 ++++++++------
 1 files changed, 8 insertions(+), 6 deletions(-)

commit b93d2e2d6282e1d27c9b4fedd81012e1e1c3a518
Author: Happyworm <markp@happyworm.com>
Date:   Mon Jun 3 16:04:39 2013 +0100

    Updated Readme

 README.md |   14 ++++++++------
 1 files changed, 8 insertions(+), 6 deletions(-)

commit fb5aba4337bd85e28ac983b21604bcefae18cb82
Author: Happyworm <markp@happyworm.com>
Date:   Mon Jun 3 15:15:57 2013 +0100

    Zepto use now automatic except as AMD module.

 jplayer.jquery.json              |    2 +-
 jquery.jplayer/jquery.jplayer.js |   15 +++++++++------
 package.json                     |    4 ++--
 3 files changed, 12 insertions(+), 9 deletions(-)

commit 6e5e056da7e5cb2582797bce6aa816111f44a929
Author: Happyworm <markp@happyworm.com>
Date:   Mon Jun 3 14:47:21 2013 +0100

    Updated jquery plugin manifest

 jplayer.jquery.json |    1 -
 1 files changed, 0 insertions(+), 1 deletions(-)

commit 60dcb513c09db68134a4854d3f9ec91e86b78cc2
Author: Happyworm <markp@happyworm.com>
Date:   Mon Jun 3 14:46:00 2013 +0100

    Updated jquery plugin manifest

 jplayer.jquery.json |   19 ++++++++++++++++---
 1 files changed, 16 insertions(+), 3 deletions(-)

commit 893bc27e88d5ac208a452d8495fff870900c78d4
Author: Happyworm <markp@happyworm.com>
Date:   Mon Jun 3 14:35:11 2013 +0100

    Added jquery plugin manifest.

 jplayer.jquery.json |    4 ++--
 1 files changed, 2 insertions(+), 2 deletions(-)

commit d5b0fc500cae6681daddff5a8c4f3608fb3ee640
Author: Happyworm <markp@happyworm.com>
Date:   Mon Jun 3 14:34:34 2013 +0100

    Updated & Renamed REAMDME for Markdown

 README.md |   36 ++++++++++++++++--------------------
 1 files changed, 16 insertions(+), 20 deletions(-)

commit a921e67b0fb139498013b901a8d181ff1bb6002f
Author: Happyworm <markp@happyworm.com>
Date:   Mon Jun 3 14:33:57 2013 +0100

    Renamed REAMDME for Markdown

 README    |   31 -------------------------------
 README.md |   31 +++++++++++++++++++++++++++++++
 2 files changed, 31 insertions(+), 31 deletions(-)

commit 19a2c174fcf7da709c8fa3cf0f5da776cba0bc6a
Author: Happyworm <markp@happyworm.com>
Date:   Mon Jun 3 14:31:07 2013 +0100

    Updated Readme and added jquery plugins manifest

 jplayer.jquery.json |   18 ++++++++++++++++++
 1 files changed, 18 insertions(+), 0 deletions(-)

commit 6e746dca9356ed4d0b12f9472920af8d7f6ef4bb
Author: Happyworm <markp@happyworm.com>
Date:   Mon Jun 3 14:17:50 2013 +0100

    Added MIT License

 MIT-LICENSE.txt |   21 +++++++++++++++++++++
 1 files changed, 21 insertions(+), 0 deletions(-)

commit 8f0705dc621e2f7a2bd41373ff9ecdbbbe667155
Author: Happyworm <markp@happyworm.com>
Date:   Fri May 31 00:00:09 2013 +0100

    Cleaned up old commented out code.

 jquery.jplayer/jquery.jplayer.js |    3 ---
 1 files changed, 0 insertions(+), 3 deletions(-)

commit dae863e7355ff3a00a4e2f8c5f11d13a52fd6e46
Author: Happyworm <markp@happyworm.com>
Date:   Thu May 30 23:40:21 2013 +0100

    Bug fix: Multiple gui bars now function correctly.

 jquery.jplayer/jquery.jplayer.js |   37 +++++++++++++++++++------------------
 package.json                     |    2 +-
 2 files changed, 20 insertions(+), 19 deletions(-)

commit 3d887dc353a862c717a78c7943eaafcdfca5cd90
Author: Happyworm <markp@happyworm.com>
Date:   Thu May 30 22:38:24 2013 +0100

    Added Zepto 1.0 (+data) support. Need to manually edit 2 lines to enable.

 jquery.jplayer/jquery.jplayer.js |   31 +++++++++++++++++++++++--------
 package.json                     |    2 +-
 2 files changed, 24 insertions(+), 9 deletions(-)

commit 82aebd81cfc328bf7f71dd3f7767dd43c95f6de7
Author: Happyworm <markp@happyworm.com>
Date:   Thu May 30 21:40:23 2013 +0100

    Bug fix: Corrected event propagation on GUI bars.

 jquery.jplayer/jquery.jplayer.js |    6 ++++--
 package.json                     |    2 +-
 2 files changed, 5 insertions(+), 3 deletions(-)

commit 465ad02608de1277914bd68ee795bc0a0b6c3c07
Author: Happyworm <markp@happyworm.com>
Date:   Thu May 30 19:42:16 2013 +0100

    Updated the package.json file to current version

 package.json |    2 +-
 1 files changed, 1 insertions(+), 1 deletions(-)

commit d832d8c6ac08dbc59c5921e4c386eaf0a0210b89
Author: Happyworm <markp@happyworm.com>
Date:   Thu May 30 19:39:32 2013 +0100

    Bug fix: Changing cssSelectorAncestor now updates GUI to current state. See #83

 jquery.jplayer/jquery.jplayer.js |   41 +++++++++++++++++++++----------------
 1 files changed, 23 insertions(+), 18 deletions(-)

commit d8e49e4b4313b21f540e60ddfa5d0e3387de97fa
Author: Happyworm <markp@happyworm.com>
Date:   Wed May 29 23:42:59 2013 +0100

    Bug Fix: Flash context menu links now work.

 actionscript/Jplayer.as                         |   18 ++++++++++++++++--
 actionscript/happyworm/jPlayer/JplayerStatus.as |    4 ++--
 jquery.jplayer/Jplayer.swf                      |  Bin 13975 -> 14084 bytes
 jquery.jplayer/jquery.jplayer.js                |    8 ++++----
 4 files changed, 22 insertions(+), 8 deletions(-)

commit df0b34b82e493dedd8f900828721056ec4bbdbe9
Author: Happyworm <markp@happyworm.com>
Date:   Tue May 28 18:13:01 2013 +0100

    Bug Fixed Flash MP3 waiting event generation. SetMedia clears timer.

 actionscript/Jplayer.as                         |    4 ++--
 actionscript/happyworm/jPlayer/JplayerMp3.as    |    3 ++-
 actionscript/happyworm/jPlayer/JplayerStatus.as |    4 ++--
 jquery.jplayer/Jplayer.swf                      |  Bin 13974 -> 13975 bytes
 jquery.jplayer/jquery.jplayer.js                |    8 ++++----
 5 files changed, 10 insertions(+), 9 deletions(-)

commit fda9e376adfe1f7d2b0b1dc73ac43372b2fb5405
Author: Happyworm <markp@happyworm.com>
Date:   Mon May 20 16:27:55 2013 +0100

    Bug Fix: Added events to Flash MP3 player: playing, waiting, canplay and canplaythrough.

 actionscript/Jplayer.as                         |   20 +++++++-
 actionscript/happyworm/jPlayer/JplayerEvent.as  |   10 ++--
 actionscript/happyworm/jPlayer/JplayerMp3.as    |   57 +++++++++++++++++++----
 actionscript/happyworm/jPlayer/JplayerStatus.as |    8 ++-
 jquery.jplayer/Jplayer.swf                      |  Bin 13719 -> 13974 bytes
 jquery.jplayer/jquery.jplayer.js                |    8 ++--
 package.json                                    |    2 +-
 7 files changed, 82 insertions(+), 23 deletions(-)

commit c2417972af1295be8dcc07470b0e3d25b0a77e0b
Author: Happyworm <markp@happyworm.com>
Date:   Tue May 14 21:15:51 2013 +0100

    Security Fix completed for issue #162 ref CVE-2013-2023

 actionscript/Jplayer.as                         |   26 ++++++++++------------
 actionscript/happyworm/jPlayer/JplayerStatus.as |    2 +-
 jquery.jplayer/Jplayer.swf                      |  Bin 13799 -> 13719 bytes
 jquery.jplayer/jquery.jplayer.js                |    6 ++--
 package.json                                    |    2 +-
 5 files changed, 17 insertions(+), 19 deletions(-)

commit 8ccc429598d62eebe9f65a0a4e6fd406a123c8b4
Author: Happyworm <markp@happyworm.com>
Date:   Tue May 14 19:49:26 2013 +0100

    Security Fix issue #162 for CVE-2013-2023

 actionscript/Jplayer.as                         |   52 ++++++++++++-----------
 actionscript/happyworm/jPlayer/JplayerStatus.as |    2 +-
 jquery.jplayer/Jplayer.swf                      |  Bin 13748 -> 13799 bytes
 jquery.jplayer/jquery.jplayer.js                |    9 ++--
 package.json                                    |    2 +-
 5 files changed, 34 insertions(+), 31 deletions(-)

commit c1c7a4dfa63bb6684d3670202e4a65d400dfce86
Author: Happyworm <markp@happyworm.com>
Date:   Sat Apr 20 17:27:04 2013 +0100

    Updated versions to 2.3.0 and final jshint.org review.

 actionscript/Jplayer.as                         |    4 ++--
 actionscript/happyworm/jPlayer/JplayerStatus.as |    4 ++--
 add-on/jplayer.playlist.js                      |   10 +++++-----
 jquery.jplayer/Jplayer.swf                      |  Bin 13749 -> 13748 bytes
 jquery.jplayer/jquery.jplayer.js                |    8 ++++----
 package.json                                    |    2 +-
 popcorn/player/popcorn.jplayer.js               |   18 +++++++++---------
 7 files changed, 23 insertions(+), 23 deletions(-)

commit 446ee4162ff961d935718d579862bb6823fcd7cd
Author: Happyworm <markp@happyworm.com>
Date:   Fri Apr 12 16:09:36 2013 +0100

    Changed default of smoothPlayBar option to false.

 jquery.jplayer/jquery.jplayer.js |    6 +++---
 1 files changed, 3 insertions(+), 3 deletions(-)

commit c5fe17bb4459164bd59153b57248cf94b8867373
Author: Happyworm <markp@happyworm.com>
Date:   Fri Apr 12 15:59:53 2013 +0100

    Security Fox of Flash SWF that had enabled Cross Site Scripting (XSS)

 actionscript/Jplayer.as                         |    2 +-
 actionscript/happyworm/jPlayer/JplayerStatus.as |    2 +-
 jquery.jplayer/Jplayer.swf                      |  Bin 13742 -> 13749 bytes
 jquery.jplayer/jquery.jplayer.js                |    8 ++++----
 4 files changed, 6 insertions(+), 6 deletions(-)

commit 55a51966eb97d2c9b18209120345123f2b0eebeb
Author: Happyworm <markp@happyworm.com>
Date:   Fri Apr 12 15:41:47 2013 +0100

    Made direct access and security issue display identical.

 actionscript/Jplayer.as    |    9 +++++----
 jquery.jplayer/Jplayer.swf |  Bin 13742 -> 13742 bytes
 2 files changed, 5 insertions(+), 4 deletions(-)

commit 4993ab5206fded33008a77fc26ba2d0d56c21aa2
Author: Happyworm <markp@happyworm.com>
Date:   Fri Mar 29 14:14:42 2013 +0000

    New Feature: Added smoothPlayBar option. Def:true. Animates play bar changes.

 jquery.jplayer/jquery.jplayer.js |   15 +++++++++++----
 1 files changed, 11 insertions(+), 4 deletions(-)

commit 7e20f3eb3e02b0a0902ebe326a6effc8fabf0c40
Author: Happyworm <markp@happyworm.com>
Date:   Fri Mar 29 13:17:46 2013 +0000

    Bug fix: cssSelector GUI elements now e.preventDefault() instead of return false.

 jquery.jplayer/jquery.jplayer.js |    8 ++++----
 1 files changed, 4 insertions(+), 4 deletions(-)

commit e8ca190f7f972a6a421cb95f09e138720e40ed6d
Author: Happyworm <markp@happyworm.com>
Date:   Thu Mar 21 17:12:38 2013 +0000

    Security Fix of Flash SWF that had enabled cookie theft

 actionscript/Jplayer.as                         |   10 +++++-----
 actionscript/happyworm/jPlayer/JplayerStatus.as |    4 ++--
 jquery.jplayer/Jplayer.swf                      |  Bin 13724 -> 13742 bytes
 jquery.jplayer/jquery.jplayer.js                |    8 ++++----
 4 files changed, 11 insertions(+), 11 deletions(-)

commit 858966b77b96f8295208989b91dd630ea785b79b
Author: Mark Panaghiston <markp@happyworm.com>
Date:   Wed Jan 30 19:09:43 2013 +0000

    Reviewed Playlist add-on at jshint.com

 add-on/jplayer.playlist.js |   24 ++++++++++++------------
 1 files changed, 12 insertions(+), 12 deletions(-)

commit 9c496be5238fb83fda5ce0601f8061a11f636b75
Author: Mark Panaghiston <markp@happyworm.com>
Date:   Wed Jan 30 19:03:11 2013 +0000

    Added default keyboard commands to Playlist add-on.

 add-on/jplayer.playlist.js |   25 ++++++++++++++++++++-----
 1 files changed, 20 insertions(+), 5 deletions(-)

commit 1a15dfc9328f84411edaabdfe2087906ad48e00b
Author: Mark Panaghiston <markp@happyworm.com>
Date:   Wed Jan 30 18:34:14 2013 +0000

    Reviewed Playlist header comments

 add-on/jplayer.playlist.js |    8 ++++++--
 1 files changed, 6 insertions(+), 2 deletions(-)

commit f806e1b7b74734280199a1eaea9e778c780b5103
Merge: 53325f6 751b73e
Author: happyworm <hello@happyworm.com>
Date:   Wed Jan 30 10:10:35 2013 -0800

    Merge pull request #126 from bistory/master
    
    Use .on() and .off() instead of .live() and .die()

commit 53325f6f10ea9e24d1ffd1a6fed88af31f2733f4
Author: Mark Panaghiston <markp@happyworm.com>
Date:   Tue Jan 29 17:04:34 2013 +0000

    Added videoWidth and videoHeight to jPlayer Inspector.

 add-on/jquery.jplayer.inspector.js |   19 +++++++++++++------
 1 files changed, 13 insertions(+), 6 deletions(-)

commit 304a6c32201377f529cca7a623206c99b940c2d6
Author: Mark Panaghiston <markp@happyworm.com>
Date:   Tue Jan 29 16:56:25 2013 +0000

    Corrected ConnectManager.as and TraceOut.as line endings.

 actionscript/happyworm/jPlayer/ConnectManager.as |  297 +++++++++++++++++++++-
 actionscript/happyworm/jPlayer/TraceOut.as       |   64 +++++-
 2 files changed, 359 insertions(+), 2 deletions(-)

commit c6cef4de27ef5427dc59bf213c68c345bf402629
Author: Mark Panaghiston <markp@happyworm.com>
Date:   Tue Jan 29 16:53:58 2013 +0000

    Added videoWidth and videoHeight to status for HTML5 and Flash.

 actionscript/Jplayer.as                         |    6 ++++--
 actionscript/happyworm/jPlayer/JplayerMp4.as    |   10 +++++-----
 actionscript/happyworm/jPlayer/JplayerRtmp.as   |    6 +++---
 actionscript/happyworm/jPlayer/JplayerStatus.as |   10 ++++++++--
 jquery.jplayer/Jplayer.swf                      |  Bin 13673 -> 13724 bytes
 jquery.jplayer/jquery.jplayer.js                |   16 ++++++++++++----
 6 files changed, 32 insertions(+), 16 deletions(-)

commit 4cb6b1c5fce4391d0c20d8b4b980e38cd12b2f36
Author: Mark Panaghiston <markp@happyworm.com>
Date:   Tue Jan 29 16:51:04 2013 +0000

    Updated header in Actionscript files.

 actionscript/happyworm/jPlayer/ConnectManager.as |    2 +-
 actionscript/happyworm/jPlayer/JplayerEvent.as   |    6 +++---
 actionscript/happyworm/jPlayer/JplayerMp3.as     |    4 ++--
 actionscript/happyworm/jPlayer/TraceOut.as       |    2 +-
 4 files changed, 7 insertions(+), 7 deletions(-)

commit 2a32d566b0eb31ceaff2914a87d236a7afabf7a1
Author: Mark Panaghiston <markp@happyworm.com>
Date:   Tue Jan 29 15:15:16 2013 +0000

    Added jPlayer Inspector to repo as per #124 request.

 add-on/jquery.jplayer.inspector.js |  331 ++++++++++++++++++++++++++++++++++++
 1 files changed, 331 insertions(+), 0 deletions(-)

commit fe56fdacef087550687df55bf7f50046079de99d
Author: Mark Panaghiston <markp@happyworm.com>
Date:   Mon Jan 28 16:58:31 2013 +0000

    Checking JplayerRtmp.as in GitHub repo correctly. Highlighted RTMP video size fix.

 actionscript/happyworm/jPlayer/JplayerRtmp.as |    4 ++--
 1 files changed, 2 insertions(+), 2 deletions(-)

commit a631cef7b32766402855243f6ab26b545010e4c2
Author: Mark Panaghiston <markp@happyworm.com>
Date:   Mon Jan 28 16:54:05 2013 +0000

    Corrected JplayerRtmp.as line endings. They had been corrupted using MAC style on Windows.

 actionscript/happyworm/jPlayer/JplayerRtmp.as |  985 ++++++++++++++++++++++++-
 1 files changed, 984 insertions(+), 1 deletions(-)

commit 325b1d05e4f5f06d4a72131c849248a7f5c75b58
Author: Mark Panaghiston <markp@happyworm.com>
Date:   Mon Jan 28 16:29:28 2013 +0000

    Hightlighted RTMP video size change, as last commit 100% diff.

 actionscript/happyworm/jPlayer/JplayerRtmp.as |    2 +-
 1 files changed, 1 insertions(+), 1 deletions(-)

commit 49ce97b404f656e071c5128292aa22728ee25f60
Author: Mark Panaghiston <markp@happyworm.com>
Date:   Mon Jan 28 16:18:10 2013 +0000

    Fix RTMP video size issue. As per #131 and #98.

 actionscript/Jplayer.as                         |   10 +++++-----
 actionscript/happyworm/jPlayer/JplayerRtmp.as   |    2 +-
 actionscript/happyworm/jPlayer/JplayerStatus.as |    8 ++++----
 jquery.jplayer/Jplayer.swf                      |  Bin 13674 -> 13673 bytes
 jquery.jplayer/jquery.jplayer.js                |    8 ++++----
 5 files changed, 14 insertions(+), 14 deletions(-)

commit d60277906cdf185dbc0410a97350f8e3d843695c
Author: Mark Panaghiston <markp@happyworm.com>
Date:   Thu Jan 24 13:50:53 2013 +0000

    Added keyboard controls

 jquery.jplayer/jquery.jplayer.js |  127 ++++++++++++++++++++++++++++++++++++-
 1 files changed, 123 insertions(+), 4 deletions(-)

commit 751b73efaa2873e90c25e8e370554f6996b45b47
Author: Thomas Lété <bistory@gmail.com>
Date:   Mon Jan 14 14:11:45 2013 +0100

    Update add-on/jplayer.playlist.js
    
    The playlist plugin is now using .on() and .off() instead of .live() and .die(). Thus the plugin requires jQuery 1.7+.

 add-on/jplayer.playlist.js |   16 ++++++++--------
 1 files changed, 8 insertions(+), 8 deletions(-)

commit f668ff52d0bcb019effc17985f8ca26b7aec8916
Author: Mark Panaghiston <markp@happyworm.com>
Date:   Wed Nov 21 20:49:42 2012 +0000

    Implemented PR #109 enabling timeFormat option and backward compat.

 jquery.jplayer/jquery.jplayer.js |   71 +++++++++++++++++++++++++------------
 1 files changed, 48 insertions(+), 23 deletions(-)

commit 26d68742e10ea4e10b489c4b53c83faa1d6b1716
Author: Mark Panaghiston <markp@happyworm.com>
Date:   Mon Nov 19 21:58:20 2012 +0000

    Added missing semi-colon in Blue Monday div.jp-video-full class.

 skin/blue.monday/jplayer.blue.monday.css |    6 +++---
 1 files changed, 3 insertions(+), 3 deletions(-)

commit 252d2a1911288400be42b4c323274a8d70cddf17
Author: Mark Panaghiston <markp@happyworm.com>
Date:   Mon Nov 19 21:54:17 2012 +0000

    Fixed noFullWindow RegExp options for msie, ipad and android_pad.

 jquery.jplayer/jquery.jplayer.js |   10 +++++-----
 1 files changed, 5 insertions(+), 5 deletions(-)

commit a862d8ecb2859a873d13055a14d53991ad710466
Author: Mark Panaghiston <markp@happyworm.com>
Date:   Mon Nov 19 21:45:24 2012 +0000

    Enabled HTML5 native fullscreen. Renamed old fullScreen options to fullWindow.

 jquery.jplayer/jquery.jplayer.js |  231 +++++++++++++++++++++++++++++++++++---
 1 files changed, 213 insertions(+), 18 deletions(-)

commit a237bc287f57e308458a028590604c0f1189baee
Author: Mark Panaghiston <markp@happyworm.com>
Date:   Thu Nov 1 16:14:24 2012 +0000

    Removed reserved word usage, default. Now passes jshint.

 jquery.jplayer/jquery.jplayer.js |   16 +++++++++-------
 1 files changed, 9 insertions(+), 7 deletions(-)

commit a0f9ea7b689734e7cbb0cc025a7dea178ee0fb26
Author: Mark Panaghiston <markp@happyworm.com>
Date:   Thu Nov 1 15:52:09 2012 +0000

    Refactored Flash sniffer to minimum for 10.1 version check.

 jquery.jplayer/jquery.jplayer.js |   84 +++++++++++--------------------------
 1 files changed, 25 insertions(+), 59 deletions(-)

commit 71646f497fa910763a86c539a67098ca101571b5
Author: Mark Panaghiston <markp@happyworm.com>
Date:   Thu Nov 1 14:52:11 2012 +0000

    Added iemobile to noVolume and noFullScreen blocklist options.

 jquery.jplayer/jquery.jplayer.js |    6 ++++--
 1 files changed, 4 insertions(+), 2 deletions(-)

commit 46ffd7fed3dd5959964587c0b1cf99ef279e4da5
Author: Mark Panaghiston <markp@happyworm.com>
Date:   Thu Nov 1 14:20:58 2012 +0000

    Added track element support to setMedia ready for when HTML5 browsers implement the feature.

 jquery.jplayer/jquery.jplayer.js |   42 ++++++++++++++++++++++---------------
 1 files changed, 25 insertions(+), 17 deletions(-)

commit 54961d9c9cb4c73bdb7708b1b03b65ea2408033b
Author: Mark Panaghiston <markp@happyworm.com>
Date:   Wed Oct 31 12:34:02 2012 +0000

    Bug Fix: The Flash Plugin Version Sniffer now checks for Flash 10.1.

 jquery.jplayer/jquery.jplayer.js |   96 +++++++++++++++++++++++++++----------
 1 files changed, 70 insertions(+), 26 deletions(-)

commit ea5ab0bc50e84748f43657145f3a71dd3650bd50
Author: Mark Panaghiston <markp@happyworm.com>
Date:   Fri Oct 26 15:58:36 2012 +0100

    Fixed extraneous HTTP request on clearMedia with IE9. #56

 jquery.jplayer/jquery.jplayer.js |   10 ++++++----
 1 files changed, 6 insertions(+), 4 deletions(-)

commit 87357d823fbd90b68b61b9bc9b339663b84318ba
Author: Mark Panaghiston <markp@happyworm.com>
Date:   Wed Oct 24 19:15:17 2012 +0100

    Bug fix: Added sniffer for doc mode to fix IE Flash insertion.

 jquery.jplayer/jquery.jplayer.js |   28 ++++++++++++++++++++++++----
 1 files changed, 24 insertions(+), 4 deletions(-)

commit 7e319b4085c34856f673385d824c5ed0715e9863
Author: Mark Panaghiston <markp@happyworm.com>
Date:   Mon Oct 22 19:21:58 2012 +0100

    Added audio live-stream skin CSS rules.

 skin/blue.monday/jplayer.blue.monday.css |   38 ++++++++++++++------
 skin/pink.flag/jplayer.pink.flag.css     |   59 ++++++++++++++++++++----------
 2 files changed, 67 insertions(+), 30 deletions(-)

commit 9e4a733aad98927530a03d42b7e2c15de19811cd
Author: Mark Panaghiston <markp@happyworm.com>
Date:   Fri Oct 12 10:45:42 2012 +0100

    Bug Fix: IE9 and iOS issue with setMedia followed by play(time)

 jquery.jplayer/jquery.jplayer.js |   68 +++++++++++++++++++++++++++----------
 1 files changed, 49 insertions(+), 19 deletions(-)

commit ea2c14fef5b89578990c52dc0df221a58bb94331
Author: Mark Panaghiston <markp@happyworm.com>
Date:   Tue Oct 9 16:02:30 2012 +0100

    Reviewed PR. Updated package version. Spaces to tabs.

 jquery.jplayer/jquery.jplayer.js |   17 +++++++++--------
 package.json                     |    2 +-
 2 files changed, 10 insertions(+), 9 deletions(-)

commit d7111e2d8281bf234ce6ea230028d5442ec8ce3e
Merge: 0be46e5 ae717e4
Author: happyworm <hello@happyworm.com>
Date:   Tue Oct 9 07:45:01 2012 -0700

    Merge pull request #92 from ryanramage/master
    
    Support AMD.

commit 0be46e5568525348e0c73c49a74e940588efb391
Author: Mark Panaghiston <markp@happyworm.com>
Date:   Tue Oct 9 13:42:49 2012 +0100

    Manual merge of PR #81. Added tabindex='-1' to Flash object.

 jquery.jplayer/jquery.jplayer.js |    9 +++++----
 1 files changed, 5 insertions(+), 4 deletions(-)

commit 273db59a74e0aa57cefca3ec05da363a276de859
Merge: 7ce2a65 255200e
Author: happyworm <hello@happyworm.com>
Date:   Tue Oct 9 04:11:14 2012 -0700

    Merge pull request #74 from FarSeeing/master
    
    DRYed up events settings

commit 7ce2a655476897a114ac630cba2482a34d5aae1d
Author: Mark Panaghiston <markp@happyworm.com>
Date:   Mon Oct 8 17:04:19 2012 +0100

    Did the minutes onto seconds for convertTime() like PR did for hours onto minutes.

 jquery.jplayer/jquery.jplayer.js |   30 +++++++++++++++++++-----------
 1 files changed, 19 insertions(+), 11 deletions(-)

commit 7b308107a5c07f6dcccfa3fb2e8b91fb9ad8afc8
Merge: 6a4ca80 34daca5
Author: happyworm <hello@happyworm.com>
Date:   Mon Oct 8 04:50:05 2012 -0700

    Merge pull request #75 from Tolia/master
    
    Review time problems

commit 6a4ca80584d3fe1be879e99d8585659cc8ce5807
Author: Mark Panaghiston <markp@happyworm.com>
Date:   Thu Sep 13 21:21:35 2012 +0100

    Updated Popcorn Player (PCJPPP) to use latest jQuery and jPlayer.

 popcorn/player/popcorn.jplayer.js |   15 ++++++++-------
 1 files changed, 8 insertions(+), 7 deletions(-)

commit ee06e6a5fb7fabddef34c52dab118fbb0790cb7d
Author: Mark Panaghiston <markp@happyworm.com>
Date:   Thu Sep 13 19:53:56 2012 +0100

    Final review on jshint.com. Updated version to 2.2.0 release.

 actionscript/Jplayer.as                         |    4 ++--
 actionscript/happyworm/jPlayer/JplayerStatus.as |    4 ++--
 jquery.jplayer/Jplayer.swf                      |  Bin 13674 -> 13674 bytes
 jquery.jplayer/jquery.jplayer.js                |   23 +++++++++++------------
 4 files changed, 15 insertions(+), 16 deletions(-)

commit e63f5e373ffb10906a21ece12988c3e11c0d5ec8
Author: Mark Panaghiston <markp@happyworm.com>
Date:   Thu Sep 13 17:07:48 2012 +0100

    Removed $.browser calls and replaced with $.jPlayer.browser as jQuery plan to remove browser sniffer code.

 jquery.jplayer/jquery.jplayer.js |    8 ++++----
 1 files changed, 4 insertions(+), 4 deletions(-)

commit 35a92a051c84a91744b7d5c15f0a38d70582336b
Author: Mark Panaghiston <markp@happyworm.com>
Date:   Wed Sep 12 15:20:47 2012 +0100

    Added the Popcorn jPlayer Player Plugin. (Beta)

 popcorn/player/popcorn.jplayer.js |  558 +++++++++++++++++++++++++++++++++++++
 1 files changed, 558 insertions(+), 0 deletions(-)

commit 479eda9414198ca0d682e9224cfefdee9e05a82a
Author: Mark Panaghiston <markp@happyworm.com>
Date:   Wed Sep 12 15:18:59 2012 +0100

    Tweaked skins to work with Popcorn plugins. ie., Removed the position:relative on the container and refactored.

 skin/blue.monday/jplayer.blue.monday.css |  269 ++++++++--------
 skin/pink.flag/jplayer.pink.flag.css     |  537 +++++++++++++++---------------
 2 files changed, 403 insertions(+), 403 deletions(-)

commit cb4386dac2489976f31b6b926643f13613c4d338
Author: Mark Panaghiston <markp@happyworm.com>
Date:   Tue Aug 7 19:57:49 2012 +0100

    Fixed RTMP lock-up on pause(time). Fixed progress event.

 actionscript/happyworm/jPlayer/JplayerRtmp.as   |    2 +-
 actionscript/happyworm/jPlayer/JplayerStatus.as |    4 ++--
 jquery.jplayer/Jplayer.swf                      |  Bin 13703 -> 13674 bytes
 jquery.jplayer/jquery.jplayer.js                |    8 ++++----
 4 files changed, 7 insertions(+), 7 deletions(-)

commit db8b65e467bb2dac2f7ff56df06c4fa11e07ab54
Author: Mark Panaghiston <markp@happyworm.com>
Date:   Tue Aug 7 14:48:29 2012 +0100

    Cleaned up compiler warnings from RTMP ActionScript

 actionscript/Jplayer.as                          |   16 ++++++++--------
 actionscript/happyworm/jPlayer/ConnectManager.as |    2 +-
 actionscript/happyworm/jPlayer/JplayerRtmp.as    |    2 +-
 actionscript/happyworm/jPlayer/TraceOut.as       |    2 +-
 4 files changed, 11 insertions(+), 11 deletions(-)

commit 2889b5efd84c4920d904e7ab368aa8db95929a95
Author: Mark Panaghiston <markp@happyworm.com>
Date:   Mon Aug 6 15:48:40 2012 +0100

    Fixed duration NaN bug in iOS5.1 and BB OS7

 jquery.jplayer/jquery.jplayer.js |   14 ++++++++------
 1 files changed, 8 insertions(+), 6 deletions(-)

commit ae717e4ed087e6368319f99d2483a0491b65ac29
Author: Ryan Ramage <ryan.ramage@gmail.com>
Date:   Sun Jul 29 08:33:59 2012 -0600

    Add a skin handlebars file as a ready template to use.

 skin/blue.monday/skin.handlebars |   40 ++++++++++++++++++++++++++++++++++++++
 1 files changed, 40 insertions(+), 0 deletions(-)

commit 033a700b947480c86440ad1c477ffcabc43c255a
Author: Ryan Ramage <ryan.ramage@gmail.com>
Date:   Sun Jul 29 08:30:14 2012 -0600

    Set the main correctly to the jplayer js file

 jquery.jplayer/jquery.jplayer.js |    2 +-
 package.json                     |    2 +-
 2 files changed, 2 insertions(+), 2 deletions(-)

commit d3f33c0c8df7ba0ad0e1386dfddc1ebcd688d882
Author: Ryan Ramage <ryan.ramage@gmail.com>
Date:   Sun Jul 29 07:24:52 2012 -0600

    Make compatable with browser or AMD

 .jamignore                       |    1 +
 jquery.jplayer/jquery.jplayer.js |   11 +++++++++--
 2 files changed, 10 insertions(+), 2 deletions(-)

commit 0645ceba27a71534326ed3e5b72f2edd0b22d779
Author: Ryan Ramage <ryan.ramage@gmail.com>
Date:   Sun Jul 29 07:12:31 2012 -0600

    Adding a package.json for jam

 package.json |   31 +++++++++++++++++++++++++++++++
 1 files changed, 31 insertions(+), 0 deletions(-)

commit f7ebe5b65859250df2a3d2ac6b7b6607e6bb8691
Author: Mark Panaghiston <markp@happyworm.com>
Date:   Thu Apr 12 16:29:31 2012 +0100

    Fixed Flash security exploit.

 actionscript/Jplayer.as                         |  151 +++++++++++++++--------
 actionscript/happyworm/jPlayer/JplayerStatus.as |    6 +-
 jquery.jplayer/Jplayer.swf                      |  Bin 13411 -> 13703 bytes
 jquery.jplayer/jquery.jplayer.js                |    8 +-
 4 files changed, 106 insertions(+), 59 deletions(-)

commit c40b7882c24cd50edeb1124aa450ab9542b04ede
Author: Mark Panaghiston <markp@happyworm.com>
Date:   Tue Apr 10 22:23:36 2012 +0100

    Added RTMP support to flash. Manual merge of rmhall/jPlayer fork.

 actionscript/Jplayer.as                          |  242 +++++++++++++++++-----
 actionscript/happyworm/jPlayer/ConnectManager.as |    1 +
 actionscript/happyworm/jPlayer/JplayerRtmp.as    |    1 +
 actionscript/happyworm/jPlayer/TraceOut.as       |    1 +
 jquery.jplayer/Jplayer.swf                       |  Bin 8452 -> 13411 bytes
 jquery.jplayer/jquery.jplayer.js                 |   24 ++-
 6 files changed, 216 insertions(+), 53 deletions(-)

commit 34daca55487513c80138888e88e79aad195b59af
Author: Tolia Demidov <toliademidov@gmail.com>
Date:   Wed Mar 21 16:50:50 2012 +0400

    convertTime #69

 jquery.jplayer/jquery.jplayer.js |    4 ++--
 1 files changed, 2 insertions(+), 2 deletions(-)

commit 255200ea95b50a095c9e697bf371ad8ffddf776f
Author: Миша Сидоров <sidorov@ek.apress.ru>
Date:   Fri Mar 2 16:43:18 2012 +0600

    DRYed up events settings

 jquery.jplayer/jquery.jplayer.js |   68 ++++++++++++++++++++-----------------
 1 files changed, 37 insertions(+), 31 deletions(-)

commit 08497b1a1a291cfd0a8d00c12a5107057861b582
Author: Mark Panaghiston <markp@happyworm.com>
Date:   Thu Sep 1 16:12:24 2011 +0100

    Bug Fix: A broken link error with the MP3 player now stops timeupdate and progress events and resets the GUI state.

 actionscript/Jplayer.as                         |    4 ++--
 actionscript/happyworm/jPlayer/JplayerMp3.as    |    6 +++++-
 actionscript/happyworm/jPlayer/JplayerStatus.as |    4 ++--
 jquery.jplayer/Jplayer.swf                      |  Bin 8450 -> 8452 bytes
 jquery.jplayer/jquery.jplayer.js                |   11 ++++++-----
 5 files changed, 15 insertions(+), 10 deletions(-)

commit b06ce9433a370de9cc282f060864f8901dd58569
Author: Mark Panaghiston <markp@happyworm.com>
Date:   Thu Sep 1 16:05:49 2011 +0100

    Added the jPlayerPlaylist add-on

 add-on/jplayer.playlist.js |  452 ++++++++++++++++++++++++++++++++++++++++++++
 1 files changed, 452 insertions(+), 0 deletions(-)

commit 3fc5bd65c6510dded60c3f146c59f3ef17e70fe0
Author: Mark Panaghiston <markp@happyworm.com>
Date:   Thu Sep 1 16:02:50 2011 +0100

    Added the Blue Monday and Pink Flag Skin CSS and artwork

 skin/blue.monday/jplayer.blue.monday.css           |  623 +++++++++++++++++++
 skin/blue.monday/jplayer.blue.monday.jpg           |  Bin 0 -> 23189 bytes
 skin/blue.monday/jplayer.blue.monday.seeking.gif   |  Bin 0 -> 3284 bytes
 .../blue.monday/jplayer.blue.monday.video.play.png |  Bin 0 -> 17692 bytes
 skin/pink.flag/jplayer.pink.flag.css               |  650 ++++++++++++++++++++
 skin/pink.flag/jplayer.pink.flag.jpg               |  Bin 0 -> 18426 bytes
 skin/pink.flag/jplayer.pink.flag.seeking.gif       |  Bin 0 -> 3284 bytes
 skin/pink.flag/jplayer.pink.flag.video.play.png    |  Bin 0 -> 17692 bytes
 8 files changed, 1273 insertions(+), 0 deletions(-)

commit df8eb1edf70671e5fc5ca9fc5d4500824dc2a239
Author: Mark Panaghiston <markp@happyworm.com>
Date:   Mon Aug 29 15:27:47 2011 +0100

    Changed $.jPlayer.platform object to enable dot notation. Whitespace is replaced with underscores.

 jquery.jplayer/jquery.jplayer.js |   10 +++++++---
 1 files changed, 7 insertions(+), 3 deletions(-)

commit 07562a3944d779df10b0a771004020b005aa1d7c
Author: Mark Panaghiston <markp@happyworm.com>
Date:   Mon Aug 29 14:47:34 2011 +0100

    Bug Fix: Fixed GUI animation bug. (Changing screen state during GUI fadeIn.)

 jquery.jplayer/jquery.jplayer.js |   24 ++++++++++++++++--------
 1 files changed, 16 insertions(+), 8 deletions(-)

commit 049c210df13cbb248f7c1b47d697352be4e0c0ec
Author: Mark Panaghiston <markp@happyworm.com>
Date:   Sun Aug 28 17:12:26 2011 +0100

    Added verticalVolume option (default: false) to change the volume display and click calculations from horizontal to vertical.

 jquery.jplayer/jquery.jplayer.js |   25 ++++++++++++++++---------
 1 files changed, 16 insertions(+), 9 deletions(-)

commit 0948e95a239354e27329f6b0810e04b9e477d864
Author: Mark Panaghiston <markp@happyworm.com>
Date:   Sun Aug 21 16:17:12 2011 +0100

    Fixed identical consecutive poster image URLs on OSX Safari. Changed noFullScreen and noVolume blocklist defaults.

 jquery.jplayer/jquery.jplayer.js |   32 ++++++++++++++++----------------
 1 files changed, 16 insertions(+), 16 deletions(-)

commit 162361f8ed1f3ddaeb51a672d6bcf51d06e66965
Author: Mark Panaghiston <markp@happyworm.com>
Date:   Tue Aug 9 13:26:38 2011 +0100

    Customized the Flash ContextMenu, hiding defaults and adding jPlayer version.

 actionscript/Jplayer.as                         |   38 +++++++++++++++++++---
 actionscript/happyworm/jPlayer/JplayerStatus.as |    4 +-
 jquery.jplayer/Jplayer.swf                      |  Bin 7954 -> 8450 bytes
 jquery.jplayer/jquery.jplayer.js                |   10 +++---
 4 files changed, 39 insertions(+), 13 deletions(-)

commit 39d633a9fc46593837887756be3a6be890ed069a
Author: Mark Panaghiston <markp@happyworm.com>
Date:   Mon Aug 8 14:07:17 2011 +0100

    Added the cssSelector, noSolution, to enable an error message when a no solution error occurs.

 jquery.jplayer/jquery.jplayer.js |   17 ++++++++++++++---
 1 files changed, 14 insertions(+), 3 deletions(-)

commit adf972738a324bb6c7f225ae2a9853e9f54a833b
Author: Mark Panaghiston <markp@happyworm.com>
Date:   Mon Aug 8 09:10:46 2011 +0100

    Corrected size system for flash with audio and when video poster displayed. Flash now recovers from display:none after the first error event when an audio player.

 jquery.jplayer/jquery.jplayer.js |   10 ++++++----
 1 files changed, 6 insertions(+), 4 deletions(-)

commit 5b3bd4a8cfc10a277fe3a7e9809a49c55d97a874
Author: Mark Panaghiston <markp@happyworm.com>
Date:   Mon Aug 8 06:40:52 2011 +0100

    Added the $.jPlayer.event.click event that detects clicks over the video area.

 actionscript/Jplayer.as                         |   13 +++++++++++--
 actionscript/happyworm/jPlayer/JplayerEvent.as  |    3 ++-
 actionscript/happyworm/jPlayer/JplayerStatus.as |    4 ++--
 jquery.jplayer/Jplayer.swf                      |  Bin 7818 -> 7954 bytes
 jquery.jplayer/jquery.jplayer.js                |   23 +++++++++++++++++++----
 5 files changed, 34 insertions(+), 9 deletions(-)

commit fe0df2315c8c60726784ce676061a4f9dd4f9e9b
Author: Mark Panaghiston <markp@happyworm.com>
Date:   Sun Aug 7 13:16:04 2011 +0100

    The swfPath option can now be a URL (or a path) to the SWF file with extension .swf

 jquery.jplayer/jquery.jplayer.js |    6 +++---
 1 files changed, 3 insertions(+), 3 deletions(-)

commit d45a18c004f7291b042516205ffa0fb1f0d45534
Author: Mark Panaghiston <markp@happyworm.com>
Date:   Sun Aug 7 11:35:37 2011 +0100

    The destroy() now does a clearMedia. This stops downloads from streams persiting on some browsers.

 jquery.jplayer/jquery.jplayer.js |   35 ++++++++++++++---------------------
 1 files changed, 14 insertions(+), 21 deletions(-)

commit e998241febd236c5dc4d21cfba7025720a258a1b
Author: Mark Panaghiston <markp@happyworm.com>
Date:   Sun Aug 7 09:49:25 2011 +0100

    The flash solution's pause() command now only generates timeupdate events if needed and not by default. Enabled video smoothing. timeupdate/progress event freq reduced to 4Hz.

 actionscript/Jplayer.as                         |    6 +++---
 actionscript/happyworm/jPlayer/JplayerEvent.as  |    9 ++++++---
 actionscript/happyworm/jPlayer/JplayerMp3.as    |   22 ++++++++++++++++------
 actionscript/happyworm/jPlayer/JplayerMp4.as    |   23 +++++++++++++++++------
 actionscript/happyworm/jPlayer/JplayerStatus.as |    4 ++--
 jquery.jplayer/Jplayer.swf                      |  Bin 7679 -> 7818 bytes
 jquery.jplayer/jquery.jplayer.js                |    8 ++++----
 7 files changed, 48 insertions(+), 24 deletions(-)

commit 1bf72bea2587380550b131a088a41a1fe6bf9124
Author: Mark Panaghiston <markp@happyworm.com>
Date:   Sat Aug 6 04:55:16 2011 +0100

    Fixed bug in IE9 on Win Server 2008 with media.canPlayType not implmented

 jquery.jplayer/jquery.jplayer.js |   18 +++++++++++++-----
 1 files changed, 13 insertions(+), 5 deletions(-)

commit b2446c8d3c5d6cbccd75553c1ba08f79594168a7
Author: Mark Panaghiston <markp@happyworm.com>
Date:   Sat Aug 6 03:36:47 2011 +0100

    Added blocklists for enabling native video controls and disabling full screen and volume controls.

 jquery.jplayer/jquery.jplayer.js |  374 ++++++++++++++++++++++++--------------
 1 files changed, 240 insertions(+), 134 deletions(-)

commit cafd3eff0c07087bbfb71ff149db3be814e6701e
Author: Mark Panaghiston <markp@happyworm.com>
Date:   Tue Jul 19 15:12:14 2011 +0100

    The instance is now correctly removed from the instances static object in the destroy method.

 jquery.jplayer/jquery.jplayer.js |    9 ++++-----
 1 files changed, 4 insertions(+), 5 deletions(-)

commit 827679bcfedaf5dd7b0b0fb143e6dc199db81d78
Author: Mark Panaghiston <markp@happyworm.com>
Date:   Wed Jul 13 23:23:57 2011 +0100

    Corrected the GUI display when changing screen mode during a GUI fade out.

 jquery.jplayer/jquery.jplayer.js |    8 ++++----
 1 files changed, 4 insertions(+), 4 deletions(-)

commit eff2cda4326aeb7c044fe69a9ec58c8813d4553d
Author: Mark Panaghiston <markp@happyworm.com>
Date:   Mon Jul 11 18:21:43 2011 +0100

    Corrected the auto ID creation code to work with jQuery 1.6+

 jquery.jplayer/jquery.jplayer.js |    8 ++++----
 1 files changed, 4 insertions(+), 4 deletions(-)

commit c27970edc937c4cebfffc79d12fc94dd0acdf612
Author: Mark Panaghiston <markp@happyworm.com>
Date:   Sat Jul 9 02:38:15 2011 +0100

    Implemented repeat control interface. Added loop option and repeat event with default handler. Changed interface namings to gui.

 jquery.jplayer/jquery.jplayer.js |   72 ++++++++++++++++++++++++++++++--------
 1 files changed, 57 insertions(+), 15 deletions(-)

commit fd3893c271b12214df8844c52b2b5def36a98201
Author: Mark Panaghiston <markp@happyworm.com>
Date:   Thu Jul 7 22:41:56 2011 +0100

    Implemented autohide for the control interface.

 jquery.jplayer/jquery.jplayer.js |   64 +++++++++++++++++++++++++++++++++----
 1 files changed, 57 insertions(+), 7 deletions(-)

commit fc8eb55e492786d185dff282690b658af3d0686c
Author: Mark Panaghiston <markp@happyworm.com>
Date:   Wed Jul 6 23:54:29 2011 +0100

    Changed the way the volume controls work. Added volumeMax selector and method. Clicks on volume bar now unmute. Removed obsolete Chrome volume bug fix.

 jquery.jplayer/jquery.jplayer.js |   67 ++++++++++++++++++++++++++------------
 1 files changed, 46 insertions(+), 21 deletions(-)

commit 9153835390db28fe9198cdc2d5344490424e5b07
Author: Mark Panaghiston <markp@happyworm.com>
Date:   Wed Jul 6 20:03:50 2011 +0100

    Addressed display:none issue with Flash. jPlayer reacts to additional Flash ready events by seting up the Flash to the current status. New event flashreset. New error FLASH_DISABLED.

 jquery.jplayer/jquery.jplayer.js |   76 ++++++++++++++++++++++++++++---------
 1 files changed, 57 insertions(+), 19 deletions(-)

commit 9e6a64cacc5b27851824374237c114ce1e94fe38
Author: Mark Panaghiston <markp@happyworm.com>
Date:   Mon Jul 4 17:10:58 2011 +0100

    The restoreScreen and fullScreen control selectors now show their correct state.

 jquery.jplayer/jquery.jplayer.js |   32 ++++++++++++++++++++++----------
 1 files changed, 22 insertions(+), 10 deletions(-)

commit a4b93ebb894cb4230c7702936f4fbc19616f3dc7
Author: Mark Panaghiston <markp@happyworm.com>
Date:   Tue Jun 21 15:37:04 2011 +0100

    Verified JavaScript using JSHint. Minor code syntax changes. Added JSHint options to source.

 jquery.jplayer/jquery.jplayer.js |   67 +++++++++++++++++++++-----------------
 1 files changed, 37 insertions(+), 30 deletions(-)

commit fee21703e6229d51a96275b74b7918049842a811
Author: Mark Panaghiston <markp@happyworm.com>
Date:   Fri Jun 17 21:09:39 2011 +0100

    Added $.jPlayer.platform object for detecting mobile and tablet devices

 jquery.jplayer/jquery.jplayer.js |   34 ++++++++++++++++++++++++++++++----
 1 files changed, 30 insertions(+), 4 deletions(-)

commit dbc0c14c712731d7b8b025398c50eee0bd64908d
Author: Mark Panaghiston <markp@happyworm.com>
Date:   Fri May 27 20:08:39 2011 +0100

    New Feature: Added flv and fla support to the supplied formats.

 jquery.jplayer/jquery.jplayer.js |   18 +++++++++++++++---
 1 files changed, 15 insertions(+), 3 deletions(-)

commit d8020420e04f008d0a14186e210bce1efe6db7da
Author: Mark Panaghiston <markp@happyworm.com>
Date:   Wed May 25 15:09:32 2011 +0100

    Bug Fix:  Play and pause commands with non-zero time param no longer polls a broken media URL when the HTML solution is used.

 jquery.jplayer/jquery.jplayer.js |    5 +++--
 1 files changed, 3 insertions(+), 2 deletions(-)

commit 71166848c4de3c562725564c98fb84089e91a8d7
Author: Mark Panaghiston <markp@happyworm.com>
Date:   Wed May 25 13:36:49 2011 +0100

    Bug Fix: Destroy() now works with empty selectors

 jquery.jplayer/jquery.jplayer.js |    8 ++++----
 1 files changed, 4 insertions(+), 4 deletions(-)

commit 59e88d03817b78b74d55b5a31f0c6e214b4ce147
Author: Mark Panaghiston <markp@happyworm.com>
Date:   Tue May 24 15:23:36 2011 +0100

    Added the emulateHtml option and bridge

 jquery.jplayer/jquery.jplayer.js |  121 ++++++++++++++++++++++++++++++++++---
 1 files changed, 111 insertions(+), 10 deletions(-)

commit 4ee9481735c9af8304f5c59ffc4e8a17a8531e9e
Author: Mark Panaghiston <markp@happyworm.com>
Date:   Wed Apr 13 11:48:31 2011 +0100

    Corrected SWF version number to 2.0.9

 actionscript/happyworm/jPlayer/JplayerStatus.as |    6 +++---
 jquery.jplayer/Jplayer.swf                      |  Bin 7678 -> 7679 bytes
 2 files changed, 3 insertions(+), 3 deletions(-)

commit 6332af91a1a70cf633aeb136aec8295a816f430c
Author: Mark Panaghiston <markp@happyworm.com>
Date:   Wed Apr 13 10:22:45 2011 +0100

    New Feature: Enabled noConflict option for use with jQuery.noConflict(true)

 actionscript/Jplayer.as          |   14 +++++++-------
 actionscript/Jplayer.fla         |  Bin 61952 -> 61952 bytes
 jquery.jplayer/Jplayer.swf       |  Bin 7679 -> 7678 bytes
 jquery.jplayer/jquery.jplayer.js |   18 ++++++++++++------
 4 files changed, 19 insertions(+), 13 deletions(-)

commit 068d2c50b784b14fe638814c138384a7cff9c06f
Author: Mark Panaghiston <markp@happyworm.com>
Date:   Tue Apr 5 03:19:20 2011 +0100

    IE9 Review: Enabled the Flash solution in IE9. Removed IE9 beta specific code and clauses.

 jquery.jplayer/jquery.jplayer.js |   23 +++++++----------------
 1 files changed, 7 insertions(+), 16 deletions(-)

commit de22c88d4984210dd1bf4736f998d693c097cba6
Author: Mark Panaghiston <markp@happyworm.com>
Date:   Tue Apr 5 01:52:59 2011 +0100

    Minor Bug Fix: The duration is now correct in iOS Safari when the media changes.

 jquery.jplayer/jquery.jplayer.js |    9 ++++++---
 1 files changed, 6 insertions(+), 3 deletions(-)

commit 5d2f2622998b207506689ba423cfbdef41db0f95
Author: Mark Panaghiston <markp@happyworm.com>
Date:   Tue Apr 5 00:45:59 2011 +0100

    New Feature: Added Flash wmode option to constructor options. Reviewed Flash insertion code.

 jquery.jplayer/jquery.jplayer.js |   81 +++++++++++++++++++++++---------------
 1 files changed, 49 insertions(+), 32 deletions(-)

commit 6f5c4497a5b8927b405b561360f29d86f5a8a049
Author: Mark Panaghiston <markp@happyworm.com>
Date:   Fri Mar 4 13:10:31 2011 +0000

    Changes to the volume and muted options and their associated methods.

 jquery.jplayer/jquery.jplayer.js |   81 +++++++++++++++++++-------------------
 1 files changed, 40 insertions(+), 41 deletions(-)

commit 4005477b5b8b596762d5839028f078af6cda4ca8
Author: Mark Panaghiston <markp@happyworm.com>
Date:   Thu Mar 3 17:56:51 2011 +0000

    Code Review: Consolidated code to use the _cssSelectorAncestor() function. Added warning event if ancestor not found.

 jquery.jplayer/jquery.jplayer.js |   45 ++++++++++++++++++-------------------
 1 files changed, 22 insertions(+), 23 deletions(-)

commit ef2b0b2bab3de6db28f27d1edaa97264b6c1bdc1
Author: Mark Panaghiston <markp@happyworm.com>
Date:   Mon Feb 21 14:33:17 2011 +0000

    Minor Bug Fix: Corrected the jQuery UI widget.bridge code. Feature Change: jPlayer's size is no longer read from the CSS. New Feature: Enabled changing the video size. The full/restore screen sizes are set through the options: size and sizeFull, both being objects containing: width, height and cssClass. The cssSelectorAncestor determines the element that the cssClass is switched onto. The option fullScreen determines which setting is used. Added default values for the HTML css selectors restoreScreen and fullScreen, along with their methods. Changed the cssSelectorAncestor default value to jp_container_1.

 jquery.jplayer/jquery.jplayer.js |  174 +++++++++++++++++++++++++++++---------
 1 files changed, 134 insertions(+), 40 deletions(-)

commit 2b6147e98f291646332c7a1de564facd63fbe691
Author: Mark Panaghiston <markp@happyworm.com>
Date:   Thu Jan 13 18:08:56 2011 +0000

    Major Bug Fix: The jPlayer ready event now only ever occurs once. Previously, using setMedia in the jPlayer ready event when the Flash solution was being used, would generate an extra ready event.

 jquery.jplayer/jquery.jplayer.js |    8 ++++++--
 1 files changed, 6 insertions(+), 2 deletions(-)

commit 75d88b239529ecb3aa787a73756c31b633de52fb
Author: Mark Panaghiston <markp@happyworm.com>
Date:   Thu Jan 13 17:24:37 2011 +0000

    Minor Bug Fixes: 1) The warning alerts are now controlled by warningAlerts instead of incorrectly by the errorAlerts setting. 2) The css selectors are now associated before the Flash is inserted. Previously, any warningAlerts would interfere with the Flash ready event, causing it not to occur. 3) The data structure is now complete before any event is generated. Previously, the gate and active properties were undefined. Affected the NO_SOLUTION error event.

 jquery.jplayer/jquery.jplayer.js |   30 +++++++++++++++---------------
 1 files changed, 15 insertions(+), 15 deletions(-)

commit 6df1bad0f92395dd2caa3a8f6bf8977c3bf385ac
Author: Mark Panaghiston <markp@happyworm.com>
Date:   Tue Jan 11 18:13:11 2011 +0000

    Updated Readme. Removed the HTML.

 README |    6 +++---
 1 files changed, 3 insertions(+), 3 deletions(-)

commit 9085aeee0766209725951b81fde624712fc44523
Author: Mark Panaghiston <markp@happyworm.com>
Date:   Tue Jan 11 18:08:20 2011 +0000

    Updated Readme to use the new jPlayer.org URLs.

 README |   11 +++++++----
 1 files changed, 7 insertions(+), 4 deletions(-)

commit 483f7b45532e951188df85deb37929f12adc3e7e
Author: Mark Panaghiston <markp@happyworm.com>
Date:   Mon Dec 20 21:16:56 2010 +0000

    jPlayer 2.0.0: Initial release of jPlayer the jQuery media plugin

 README                                          |   15 +-
 actionscript/Jplayer.as                         |  606 ++++---
 actionscript/Jplayer.fla                        |  Bin 0 -> 61952 bytes
 actionscript/happyworm/jPlayer/JplayerEvent.as  |   65 +
 actionscript/happyworm/jPlayer/JplayerMp3.as    |  314 ++++
 actionscript/happyworm/jPlayer/JplayerMp4.as    |  402 +++++
 actionscript/happyworm/jPlayer/JplayerStatus.as |  101 ++
 jquery.jplayer/Jplayer.swf                      |  Bin 1905 -> 7679 bytes
 jquery.jplayer/jquery.jplayer.js                | 2135 +++++++++++++++++------
 9 files changed, 2802 insertions(+), 836 deletions(-)

commit 370f32dc8197ad5fbe094d9aef863bf3a57ebfc0
Author: Mark Panaghiston <markp@happyworm.com>
Date:   Mon Jul 12 00:56:42 2010 +0100

    jPlayer 1.2.0: Fixed the operation of jPlayer on the iPad. The solution also fixed the Safari 4/5 (Mac/PC) problems with multiple instances on the same page. Solution uses a single <audio> element per jPlayer, that is re-used and is no longer replaced each time setFile  is issued.

 jquery.jplayer/jquery.jplayer.js |   78 ++++++++++++++++++++-----------------
 1 files changed, 42 insertions(+), 36 deletions(-)

commit 17342360ba7ec89108cb11efa5b0d45b5e96158c
Author: Mark Panaghiston <markp@happyworm.com>
Date:   Mon Jul 12 00:54:33 2010 +0100

    jPlayer 1.2.0: Updated SWF version to match minor release version. No functional change.

 actionscript/Jplayer.as    |    6 +++---
 jquery.jplayer/Jplayer.swf |  Bin 1905 -> 1905 bytes
 2 files changed, 3 insertions(+), 3 deletions(-)

commit 5660e7684f48d9142664acdc7851c2c90b27ad84
Author: Mark Panaghiston <markp@happyworm.com>
Date:   Wed May 19 16:24:43 2010 +0100

    jPlayer 1.1.7: Change preload to adhere to HTML5 draft spec. The spec uses the strings: none, metadata, auto. Legacy autobuffer attribute remains a Boolean. Fixed Chrome 4 volume if set multiple times to the same value between setFile and play commands.

 jquery.jplayer/jquery.jplayer.js |   24 +++++++++++++-----------
 1 files changed, 13 insertions(+), 11 deletions(-)

commit 50cffa0de2fefa6393b383e78a53d298b951b64e
Author: Mark Panaghiston <markp@happyworm.com>
Date:   Mon May 17 17:49:34 2010 +0100

    jPlayer 1.1.6: Fixed the volume command for Chrome 4, where it was not working when used between the setFile and play  commands.

 jquery.jplayer/jquery.jplayer.js |    7 ++++---
 1 files changed, 4 insertions(+), 3 deletions(-)

commit 0c246d37dfd3caf9186a18040b70ee84a39f71e6
Author: Mark Panaghiston <markp@happyworm.com>
Date:   Mon May 17 16:45:11 2010 +0100

    jPlayer 1.1.5: Corrected the use of playHead and playHeadTime immediately after setFile, where the src of the audio element was never being set. Also had to correct an issue specific to Opera 10.53, where using playHead immediately after setFile was causing NaN values and corrupting the audio element.

 jquery.jplayer/jquery.jplayer.js |   18 +++++++++---------
 1 files changed, 9 insertions(+), 9 deletions(-)

commit b7cb49306f6f715f7700e098760c6c42d00d27fb
Author: Mark Panaghiston <markp@happyworm.com>
Date:   Mon May 17 07:24:25 2010 +0100

    jPlayer 1.1.4: Enabled preloading of the audio file using a new preload constructor option. Default is {preload:false}. Added a new jPlayer method jPlayer('load') to preload the current audio file.

 actionscript/Jplayer.as          |   20 +++++++++----
 jquery.jplayer/Jplayer.swf       |  Bin 1883 -> 1905 bytes
 jquery.jplayer/jquery.jplayer.js |   59 ++++++++++++++++++++++++++++++++------
 3 files changed, 64 insertions(+), 15 deletions(-)

commit f4e2dd2ad0d047c8abea74af8772af5c5539ce7a
Author: Mark Panaghiston <markp@happyworm.com>
Date:   Fri May 14 00:31:07 2010 +0100

    jPlayer 1.1.3: Made the play ID's CSS display type set the default display type for both play and pause IDs. The pause ID can now be set to {display:none;}  in the CSS. This stops the pause button being displayed briefly when the page loads. If you need different display types for play and pause, then set the cssId for play first, followed by setting pause.

 jquery.jplayer/jquery.jplayer.js |   18 ++++++++++++------
 1 files changed, 12 insertions(+), 6 deletions(-)

commit b830d4fe3d0fcd4b3257459797a08ab65450381d
Author: Mark Panaghiston <markp@happyworm.com>
Date:   Wed May 12 22:18:45 2010 +0100

    jPlayer 1.1.2: Changed the security settings of the Flash SWF using System.security.allowDomain('*'). This change allows cross-domain access of the SWF file and enables HTML to remote SWF scripting.

 actionscript/Jplayer.as          |    7 ++++---
 jquery.jplayer/Jplayer.swf       |  Bin 1850 -> 1883 bytes
 jquery.jplayer/jquery.jplayer.js |    8 ++++----
 3 files changed, 8 insertions(+), 7 deletions(-)

commit a9c036a27884abe2ef3fbd634ea625d8f0a6f3b6
Author: Mark Panaghiston <markp@happyworm.com>
Date:   Thu Apr 29 22:13:03 2010 +0100

    Update README: Added Developer Guide link and edited bullet point

 README |    5 ++++-
 1 files changed, 4 insertions(+), 1 deletions(-)

commit 7cf4e656d32f55d0d3bf3877fd07f04927d15db2
Author: Mark Panaghiston <markp@happyworm.com>
Date:   Thu Apr 29 22:01:42 2010 +0100

    jPlayer 1.1.1: The click handlers created by jPlayer(cssId,fn,id) now issues a jQuery.blur() to the id that was clicked. This also affects the default cssIds, which use this function internally.

 jquery.jplayer/jquery.jplayer.js |    7 ++++---
 1 files changed, 4 insertions(+), 3 deletions(-)

commit 60f5a35135ac3db395f315ab3354ff1ab9a3dbb0
Author: Mark Panaghiston <markp@happyworm.com>
Date:   Fri Mar 26 07:06:42 2010 +0000

    jPlayer 1.1.0: Added JavaScript and Flash SWF file version check. Added internal variables: version, swfVersionRequired and swfVersion. The jPlayer version text has been added to the SWF file, so direct viewing of the SWF shows its version. Check failure will create an alert if {errorAlerts:true}, but no other action is taken.

 actionscript/Jplayer.as          |   23 ++++++++++++++++++-----
 jquery.jplayer/Jplayer.swf       |  Bin 1664 -> 1850 bytes
 jquery.jplayer/jquery.jplayer.js |   24 +++++++++++++++++++-----
 3 files changed, 37 insertions(+), 10 deletions(-)

commit f8b4d4f7f7c9a94e0fc655c89a55bf2c882b39cc
Author: Mark Panaghiston <markp@happyworm.com>
Date:   Thu Mar 25 04:38:22 2010 +0000

    Fixed Opera 10.51 compatibility. Changed HTML5 solution to use Audio() object. Reviewed HTMLAudioElement.buffered coding to conform with current HTML5 Draft Spec.

 jquery.jplayer/jquery.jplayer.js |   47 ++++++++++++++++++++++---------------
 1 files changed, 28 insertions(+), 19 deletions(-)

commit c9930dbf9825d5e8c640c23a2dfbb2f4480cdca5
Author: Mark Panaghiston <markp@happyworm.com>
Date:   Thu Mar 18 12:08:30 2010 +0000

    Added clearFile() command. Cleared HTML5 conntroller on setFile(). Only one delayed command generated by stop/playHead/playHeadTime if used after a setFile(). The play() command clears all delayed commands.

 actionscript/Jplayer.as          |   10 ++++++++--
 jquery.jplayer/Jplayer.swf       |  Bin 1638 -> 1664 bytes
 jquery.jplayer/jquery.jplayer.js |   32 +++++++++++++++++++++++++++-----
 3 files changed, 35 insertions(+), 7 deletions(-)

commit 805d2e5609c3918fdb8cd940047f1a3601573159
Author: Mark Panaghiston <markp@happyworm.com>
Date:   Thu Mar 18 03:38:34 2010 +0000

    Updated README. Added License and Author details.

 README |    6 ++++++
 1 files changed, 6 insertions(+), 0 deletions(-)

commit 8907640d72c1a13fb5880368df1aceb06b2770fb
Author: Mark Panaghiston <markp@happyworm.com>
Date:   Thu Mar 18 03:30:11 2010 +0000

    Limit volume value between 0 and 100 percent.

 jquery.jplayer/jquery.jplayer.js |   11 ++++++++---
 1 files changed, 8 insertions(+), 3 deletions(-)

commit 3eccdfee35cb7f8bfb64400861af724d5cdb5d8b
Author: Mark Panaghiston <markp@happyworm.com>
Date:   Thu Mar 11 10:47:08 2010 +0000

    The HTML5 behaviour now ignores playback commands before setFile. Matches the Flash behaviour.

 jquery.jplayer/jquery.jplayer.js |   91 +++++++++++++++++++++----------------
 1 files changed, 52 insertions(+), 39 deletions(-)

commit 7f9d8cd194e2e36b1419d5daa8a1100fe79487d8
Author: Mark Panaghiston <markp@happyworm.com>
Date:   Tue Mar 2 21:14:58 2010 +0000

    Fixed IE non secured element warning

 jquery.jplayer/jquery.jplayer.js |    6 +++---
 1 files changed, 3 insertions(+), 3 deletions(-)

commit 43d8eb4066221ad339c4252b76f4aa1b3766035f
Author: Mark Panaghiston <markp@happyworm.com>
Date:   Wed Feb 24 18:57:04 2010 +0000

    Fix solves Chrome 4 initial volume bug

 jquery.jplayer/jquery.jplayer.js |    8 +++++---
 1 files changed, 5 insertions(+), 3 deletions(-)

commit 2b7314c375bd8ce9e1ac9c94a7ae38b03b46053f
Author: Mark Panaghiston <markp@happyworm.com>
Date:   Thu Feb 18 23:47:28 2010 +0000

    jPlayer 1.0.0

 actionscript/Jplayer.as          |  211 ++++-------
 jquery.jplayer/Jplayer.swf       |  Bin 1723 -> 1638 bytes
 jquery.jplayer/jquery.jplayer.js |  798 ++++++++++++++++++++++----------------
 3 files changed, 533 insertions(+), 476 deletions(-)

commit a04b41c888cdc71aef8d21915f61178218acbe09
Author: Mark Panaghiston <markp@happyworm.com>
Date:   Wed Feb 17 07:13:32 2010 +0000

    jPlayer 0.2.5 beta : 25th August 2009

 README                           |   14 +
 actionscript/Jplayer.as          |  361 +++++++++++++++++++++++++++
 jquery.jplayer/Jplayer.swf       |  Bin 0 -> 1723 bytes
 jquery.jplayer/jquery.jplayer.js |  501 ++++++++++++++++++++++++++++++++++++++
 4 files changed, 876 insertions(+), 0 deletions(-)
